2022-11-03 09:04:55.174  INFO 2132 --- [restartedMain] c.m.m.WhereIsMyHome5SpringApplication    : Starting WhereIsMyHome5SpringApplication using Java 1.8.0_192 on DESKTOP-KVCQHCD with PID 2132 (C:\Users\SSAFY\git\WhereIsMyHomeSpringPJT\WhereIsMyHome_5_Spring\bin\main started by SSAFY in C:\Users\SSAFY\git\WhereIsMyHomeSpringPJT\WhereIsMyHome_5_Spring)
2022-11-03 09:04:55.176  INFO 2132 --- [restartedMain] c.m.m.WhereIsMyHome5SpringApplication    : No active profile set, falling back to 1 default profile: "default"
2022-11-03 09:04:55.203  INFO 2132 --- [restartedMain] .e.DevToolsPropertyDefaultsPostProcessor : Devtools property defaults active! Set 'spring.devtools.add-properties' to 'false' to disable
2022-11-03 09:04:55.203  INFO 2132 --- [restartedMain] .e.DevToolsPropertyDefaultsPostProcessor : For additional web related logging consider setting the 'logging.level.web' property to 'DEBUG'
2022-11-03 09:04:55.848  INFO 2132 --- [restartedMain] o.s.b.w.embedded.tomcat.TomcatWebServer  : Tomcat initialized with port(s): 8080 (http)
2022-11-03 09:04:55.854  INFO 2132 --- [restartedMain] o.apache.catalina.core.StandardService   : Starting service [Tomcat]
2022-11-03 09:04:55.854  INFO 2132 --- [restartedMain] org.apache.catalina.core.StandardEngine  : Starting Servlet engine: [Apache Tomcat/9.0.68]
2022-11-03 09:04:55.896  INFO 2132 --- [restartedMain] o.a.c.c.C.[Tomcat].[localhost].[/]       : Initializing Spring embedded WebApplicationContext
2022-11-03 09:04:55.896  INFO 2132 --- [restartedMain] w.s.c.ServletWebServerApplicationContext : Root WebApplicationContext: initialization completed in 692 ms
2022-11-03 09:04:56.185  INFO 2132 --- [restartedMain] o.s.b.a.w.s.WelcomePageHandlerMapping    : Adding welcome page: class path resource [static/index.html]
2022-11-03 09:04:56.342  INFO 2132 --- [restartedMain] o.s.b.d.a.OptionalLiveReloadServer       : LiveReload server is running on port 35729
2022-11-03 09:04:56.363  INFO 2132 --- [restartedMain] o.s.b.w.embedded.tomcat.TomcatWebServer  : Tomcat started on port(s): 8080 (http) with context path ''
2022-11-03 09:04:56.370  INFO 2132 --- [restartedMain] c.m.m.WhereIsMyHome5SpringApplication    : Started WhereIsMyHome5SpringApplication in 1.426 seconds (JVM running for 1.878)
2022-11-03 09:05:07.246  INFO 2132 --- [http-nio-8080-exec-1] o.a.c.c.C.[Tomcat].[localhost].[/]       : Initializing Spring DispatcherServlet 'dispatcherServlet'
2022-11-03 09:05:07.246  INFO 2132 --- [http-nio-8080-exec-1] o.s.web.servlet.DispatcherServlet        : Initializing Servlet 'dispatcherServlet'
2022-11-03 09:05:07.246  INFO 2132 --- [http-nio-8080-exec-1] o.s.web.servlet.DispatcherServlet        : Completed initialization in 0 ms
2022-11-03 09:05:47.366  INFO 2132 --- [RMI TCP Connection(2)-127.0.0.1] inMXBeanRegistrar$SpringApplicationAdmin : Application shutdown requested.
2022-11-03 09:05:47.432  INFO 2132 --- [RMI TCP Connection(2)-127.0.0.1] o.apache.catalina.core.StandardService   : Stopping service [Tomcat]
2022-11-03 09:05:47.433  INFO 2132 --- [RMI TCP Connection(2)-127.0.0.1] o.a.c.c.C.[Tomcat].[localhost].[/]       : Destroying Spring FrameworkServlet 'dispatcherServlet'
2022-11-03 09:05:50.861  INFO 8848 --- [restartedMain] c.m.m.WhereIsMyHome5SpringApplication    : Starting WhereIsMyHome5SpringApplication using Java 1.8.0_192 on DESKTOP-KVCQHCD with PID 8848 (C:\Users\SSAFY\git\WhereIsMyHomeSpringPJT\WhereIsMyHome_5_Spring\bin\main started by SSAFY in C:\Users\SSAFY\git\WhereIsMyHomeSpringPJT\WhereIsMyHome_5_Spring)
2022-11-03 09:05:50.862  INFO 8848 --- [restartedMain] c.m.m.WhereIsMyHome5SpringApplication    : No active profile set, falling back to 1 default profile: "default"
2022-11-03 09:05:50.887  INFO 8848 --- [restartedMain] .e.DevToolsPropertyDefaultsPostProcessor : Devtools property defaults active! Set 'spring.devtools.add-properties' to 'false' to disable
2022-11-03 09:05:50.887  INFO 8848 --- [restartedMain] .e.DevToolsPropertyDefaultsPostProcessor : For additional web related logging consider setting the 'logging.level.web' property to 'DEBUG'
2022-11-03 09:05:51.490  INFO 8848 --- [restartedMain] o.s.b.w.embedded.tomcat.TomcatWebServer  : Tomcat initialized with port(s): 8080 (http)
2022-11-03 09:05:51.494  INFO 8848 --- [restartedMain] o.apache.catalina.core.StandardService   : Starting service [Tomcat]
2022-11-03 09:05:51.495  INFO 8848 --- [restartedMain] org.apache.catalina.core.StandardEngine  : Starting Servlet engine: [Apache Tomcat/9.0.68]
2022-11-03 09:05:51.536  INFO 8848 --- [restartedMain] o.a.c.c.C.[Tomcat].[localhost].[/]       : Initializing Spring embedded WebApplicationContext
2022-11-03 09:05:51.537  INFO 8848 --- [restartedMain] w.s.c.ServletWebServerApplicationContext : Root WebApplicationContext: initialization completed in 650 ms
2022-11-03 09:05:51.787  INFO 8848 --- [restartedMain] o.s.b.a.w.s.WelcomePageHandlerMapping    : Adding welcome page: class path resource [static/index.html]
2022-11-03 09:05:51.940  INFO 8848 --- [restartedMain] o.s.b.d.a.OptionalLiveReloadServer       : LiveReload server is running on port 35729
2022-11-03 09:05:51.959  INFO 8848 --- [restartedMain] o.s.b.w.embedded.tomcat.TomcatWebServer  : Tomcat started on port(s): 8080 (http) with context path ''
2022-11-03 09:05:51.966  INFO 8848 --- [restartedMain] c.m.m.WhereIsMyHome5SpringApplication    : Started WhereIsMyHome5SpringApplication in 1.33 seconds (JVM running for 1.786)
2022-11-03 09:05:55.001  INFO 8848 --- [http-nio-8080-exec-1] o.a.c.c.C.[Tomcat].[localhost].[/]       : Initializing Spring DispatcherServlet 'dispatcherServlet'
2022-11-03 09:05:55.001  INFO 8848 --- [http-nio-8080-exec-1] o.s.web.servlet.DispatcherServlet        : Initializing Servlet 'dispatcherServlet'
2022-11-03 09:05:55.002  INFO 8848 --- [http-nio-8080-exec-1] o.s.web.servlet.DispatcherServlet        : Completed initialization in 0 ms
2022-11-03 09:05:57.877  INFO 8848 --- [http-nio-8080-exec-8] com.zaxxer.hikari.HikariDataSource       : HikariPool-1 - Starting...
2022-11-03 09:05:58.032  INFO 8848 --- [http-nio-8080-exec-8] com.zaxxer.hikari.HikariDataSource       : HikariPool-1 - Start completed.
2022-11-03 09:07:38.410  INFO 8848 --- [RMI TCP Connection(2)-127.0.0.1] inMXBeanRegistrar$SpringApplicationAdmin : Application shutdown requested.
2022-11-03 09:07:38.497  INFO 8848 --- [RMI TCP Connection(2)-127.0.0.1] o.apache.catalina.core.StandardService   : Stopping service [Tomcat]
2022-11-03 09:07:38.498  INFO 8848 --- [RMI TCP Connection(2)-127.0.0.1] o.a.c.c.C.[Tomcat].[localhost].[/]       : Destroying Spring FrameworkServlet 'dispatcherServlet'
2022-11-03 09:07:38.500  WARN 8848 --- [RMI TCP Connection(2)-127.0.0.1] o.a.c.loader.WebappClassLoaderBase       : The web application [ROOT] appears to have started a thread named [HikariPool-1 housekeeper] but has failed to stop it. This is very likely to create a memory leak. Stack trace of thread:
 sun.misc.Unsafe.park(Native Method)
 java.util.concurrent.locks.LockSupport.parkNanos(LockSupport.java:215)
 java.util.concurrent.locks.AbstractQueuedSynchronizer$ConditionObject.awaitNanos(AbstractQueuedSynchronizer.java:2078)
 java.util.concurrent.ScheduledThreadPoolExecutor$DelayedWorkQueue.take(ScheduledThreadPoolExecutor.java:1093)
 java.util.concurrent.ScheduledThreadPoolExecutor$DelayedWorkQueue.take(ScheduledThreadPoolExecutor.java:809)
 java.util.concurrent.ThreadPoolExecutor.getTask(ThreadPoolExecutor.java:1074)
 java.util.concurrent.ThreadPoolExecutor.runWorker(ThreadPoolExecutor.java:1134)
 java.util.concurrent.ThreadPoolExecutor$Worker.run(ThreadPoolExecutor.java:624)
 java.lang.Thread.run(Thread.java:748)
2022-11-03 09:07:38.505  INFO 8848 --- [RMI TCP Connection(2)-127.0.0.1] com.zaxxer.hikari.HikariDataSource       : HikariPool-1 - Shutdown initiated...
2022-11-03 09:07:38.514  INFO 8848 --- [RMI TCP Connection(2)-127.0.0.1] com.zaxxer.hikari.HikariDataSource       : HikariPool-1 - Shutdown completed.
