2022-11-23 00:04:49.781 DEBUG 30508 --- [http-nio-8080-exec-3] com.mycom.myhome.board.BoardDao.list     : ==>  Preparing: SELECT board_id, user_seq, writer, title, content, reg_dt, read_count, board_clsf FROM board WHERE board_clsf = ? ORDER BY board_id DESC LIMIT ? OFFSET ?
2022-11-23 00:04:49.787 DEBUG 30508 --- [http-nio-8080-exec-3] com.mycom.myhome.board.BoardDao.list     : ==> Parameters: 001(String), 5(Integer), 0(Integer)
2022-11-23 00:04:49.800 DEBUG 30508 --- [http-nio-8080-exec-3] com.mycom.myhome.board.BoardDao.list     : <==      Total: 5
2022-11-23 00:14:33.662 DEBUG 30508 --- [http-nio-8080-exec-7] com.mycom.myhome.board.BoardDao.list     : ==>  Preparing: SELECT board_id, user_seq, writer, title, content, reg_dt, read_count, board_clsf FROM board WHERE board_clsf = ? ORDER BY board_id DESC LIMIT ? OFFSET ?
2022-11-23 00:14:33.663 DEBUG 30508 --- [http-nio-8080-exec-7] com.mycom.myhome.board.BoardDao.list     : ==> Parameters: 001(String), 5(Integer), 0(Integer)
2022-11-23 00:14:33.665 DEBUG 30508 --- [http-nio-8080-exec-7] com.mycom.myhome.board.BoardDao.list     : <==      Total: 5
2022-11-23 00:16:17.979 DEBUG 30508 --- [http-nio-8080-exec-7] com.mycom.myhome.board.BoardDao.list     : ==>  Preparing: SELECT board_id, user_seq, writer, title, content, reg_dt, read_count, board_clsf FROM board WHERE board_clsf = ? ORDER BY board_id DESC LIMIT ? OFFSET ?
2022-11-23 00:16:17.980 DEBUG 30508 --- [http-nio-8080-exec-7] com.mycom.myhome.board.BoardDao.list     : ==> Parameters: 001(String), 5(Integer), 0(Integer)
2022-11-23 00:16:17.983 DEBUG 30508 --- [http-nio-8080-exec-7] com.mycom.myhome.board.BoardDao.list     : <==      Total: 5
2022-11-23 00:21:14.399 DEBUG 30508 --- [http-nio-8080-exec-8] com.mycom.myhome.board.BoardDao.list     : ==>  Preparing: SELECT board_id, user_seq, writer, title, content, reg_dt, read_count, board_clsf FROM board WHERE board_clsf = ? ORDER BY board_id DESC LIMIT ? OFFSET ?
2022-11-23 00:21:14.400 DEBUG 30508 --- [http-nio-8080-exec-8] com.mycom.myhome.board.BoardDao.list     : ==> Parameters: 001(String), 5(Integer), 0(Integer)
2022-11-23 00:21:14.401 DEBUG 30508 --- [http-nio-8080-exec-8] com.mycom.myhome.board.BoardDao.list     : <==      Total: 5
2022-11-23 00:33:32.724 DEBUG 30508 --- [http-nio-8080-exec-7] com.mycom.myhome.board.BoardDao.list     : ==>  Preparing: SELECT board_id, user_seq, writer, title, content, reg_dt, read_count, board_clsf FROM board WHERE board_clsf = ? ORDER BY board_id DESC LIMIT ? OFFSET ?
2022-11-23 00:33:32.725 DEBUG 30508 --- [http-nio-8080-exec-7] com.mycom.myhome.board.BoardDao.list     : ==> Parameters: 001(String), 5(Integer), 0(Integer)
2022-11-23 00:33:32.726 DEBUG 30508 --- [http-nio-8080-exec-7] com.mycom.myhome.board.BoardDao.list     : <==      Total: 5
2022-11-23 00:34:56.963 DEBUG 30508 --- [http-nio-8080-exec-4] com.mycom.myhome.board.BoardDao.list     : ==>  Preparing: SELECT board_id, user_seq, writer, title, content, reg_dt, read_count, board_clsf FROM board WHERE board_clsf = ? ORDER BY board_id DESC LIMIT ? OFFSET ?
2022-11-23 00:34:56.963 DEBUG 30508 --- [http-nio-8080-exec-4] com.mycom.myhome.board.BoardDao.list     : ==> Parameters: 001(String), 5(Integer), 0(Integer)
2022-11-23 00:34:56.964 DEBUG 30508 --- [http-nio-8080-exec-4] com.mycom.myhome.board.BoardDao.list     : <==      Total: 5
2022-11-23 00:35:01.609 DEBUG 30508 --- [http-nio-8080-exec-7] com.mycom.myhome.board.BoardDao.list     : ==>  Preparing: SELECT board_id, user_seq, writer, title, content, reg_dt, read_count, board_clsf FROM board WHERE board_clsf = ? ORDER BY board_id DESC LIMIT ? OFFSET ?
2022-11-23 00:35:01.610 DEBUG 30508 --- [http-nio-8080-exec-7] com.mycom.myhome.board.BoardDao.list     : ==> Parameters: 001(String), 5(Integer), 0(Integer)
2022-11-23 00:35:01.612 DEBUG 30508 --- [http-nio-8080-exec-7] com.mycom.myhome.board.BoardDao.list     : <==      Total: 5
2022-11-23 00:41:31.278  INFO 30508 --- [RMI TCP Connection(2)-127.0.0.1] inMXBeanRegistrar$SpringApplicationAdmin : Application shutdown requested.
2022-11-23 00:41:31.440  INFO 30508 --- [RMI TCP Connection(2)-127.0.0.1] o.apache.catalina.core.StandardService   : Stopping service [Tomcat]
2022-11-23 00:41:31.442  INFO 30508 --- [RMI TCP Connection(2)-127.0.0.1] o.a.c.c.C.[Tomcat].[localhost].[/]       : Destroying Spring FrameworkServlet 'dispatcherServlet'
2022-11-23 00:41:31.446  WARN 30508 --- [RMI TCP Connection(2)-127.0.0.1] o.a.c.loader.WebappClassLoaderBase       : The web application [ROOT] appears to have started a thread named [HikariPool-1 housekeeper] but has failed to stop it. This is very likely to create a memory leak. Stack trace of thread:
 sun.misc.Unsafe.park(Native Method)
 java.util.concurrent.locks.LockSupport.parkNanos(LockSupport.java:215)
 java.util.concurrent.locks.AbstractQueuedSynchronizer$ConditionObject.awaitNanos(AbstractQueuedSynchronizer.java:2083)
 java.util.concurrent.ScheduledThreadPoolExecutor$DelayedWorkQueue.take(ScheduledThreadPoolExecutor.java:1093)
 java.util.concurrent.ScheduledThreadPoolExecutor$DelayedWorkQueue.take(ScheduledThreadPoolExecutor.java:809)
 java.util.concurrent.ThreadPoolExecutor.getTask(ThreadPoolExecutor.java:1074)
 java.util.concurrent.ThreadPoolExecutor.runWorker(ThreadPoolExecutor.java:1134)
 java.util.concurrent.ThreadPoolExecutor$Worker.run(ThreadPoolExecutor.java:624)
 java.lang.Thread.run(Thread.java:750)
2022-11-23 00:41:31.446  WARN 30508 --- [RMI TCP Connection(2)-127.0.0.1] o.a.c.loader.WebappClassLoaderBase       : The web application [ROOT] appears to have started a thread named [logback-1] but has failed to stop it. This is very likely to create a memory leak. Stack trace of thread:
 sun.misc.Unsafe.park(Native Method)
 java.util.concurrent.locks.LockSupport.park(LockSupport.java:175)
 java.util.concurrent.locks.AbstractQueuedSynchronizer$ConditionObject.await(AbstractQueuedSynchronizer.java:2044)
 java.util.concurrent.ScheduledThreadPoolExecutor$DelayedWorkQueue.take(ScheduledThreadPoolExecutor.java:1081)
 java.util.concurrent.ScheduledThreadPoolExecutor$DelayedWorkQueue.take(ScheduledThreadPoolExecutor.java:809)
 java.util.concurrent.ThreadPoolExecutor.getTask(ThreadPoolExecutor.java:1074)
 java.util.concurrent.ThreadPoolExecutor.runWorker(ThreadPoolExecutor.java:1134)
 java.util.concurrent.ThreadPoolExecutor$Worker.run(ThreadPoolExecutor.java:624)
 java.lang.Thread.run(Thread.java:750)
2022-11-23 00:41:31.450  INFO 30508 --- [RMI TCP Connection(2)-127.0.0.1] com.zaxxer.hikari.HikariDataSource       : HikariPool-1 - Shutdown initiated...
2022-11-23 00:41:31.456  INFO 30508 --- [RMI TCP Connection(2)-127.0.0.1] com.zaxxer.hikari.HikariDataSource       : HikariPool-1 - Shutdown completed.
2022-11-23 01:52:00.362  INFO 11676 --- [restartedMain] c.m.m.WhereIsMyHomeFinalApplication      : Starting WhereIsMyHomeFinalApplication using Java 1.8.0_332 on DESKTOP-58R1BVP with PID 11676 (C:\Users\FL4K\Documents\GitHub\WhereIsMyHomeSpringPJT\WhereIsMyHome_Final\bin\main started by FL4K in C:\Users\FL4K\Documents\GitHub\WhereIsMyHomeSpringPJT\WhereIsMyHome_Final)
2022-11-23 01:52:00.363  INFO 11676 --- [restartedMain] c.m.m.WhereIsMyHomeFinalApplication      : No active profile set, falling back to 1 default profile: "default"
2022-11-23 01:52:00.391  INFO 11676 --- [restartedMain] .e.DevToolsPropertyDefaultsPostProcessor : Devtools property defaults active! Set 'spring.devtools.add-properties' to 'false' to disable
2022-11-23 01:52:00.392  INFO 11676 --- [restartedMain] .e.DevToolsPropertyDefaultsPostProcessor : For additional web related logging consider setting the 'logging.level.web' property to 'DEBUG'
2022-11-23 01:52:01.177  INFO 11676 --- [restartedMain] o.s.b.w.embedded.tomcat.TomcatWebServer  : Tomcat initialized with port(s): 8080 (http)
2022-11-23 01:52:01.184  INFO 11676 --- [restartedMain] o.apache.catalina.core.StandardService   : Starting service [Tomcat]
2022-11-23 01:52:01.184  INFO 11676 --- [restartedMain] org.apache.catalina.core.StandardEngine  : Starting Servlet engine: [Apache Tomcat/9.0.68]
2022-11-23 01:52:01.242  INFO 11676 --- [restartedMain] o.a.c.c.C.[Tomcat].[localhost].[/]       : Initializing Spring embedded WebApplicationContext
2022-11-23 01:52:01.242  INFO 11676 --- [restartedMain] w.s.c.ServletWebServerApplicationContext : Root WebApplicationContext: initialization completed in 850 ms
2022-11-23 01:52:01.760  INFO 11676 --- [restartedMain] o.s.b.d.a.OptionalLiveReloadServer       : LiveReload server is running on port 35729
2022-11-23 01:52:01.783  INFO 11676 --- [restartedMain] o.s.b.w.embedded.tomcat.TomcatWebServer  : Tomcat started on port(s): 8080 (http) with context path ''
2022-11-23 01:52:01.790  INFO 11676 --- [restartedMain] c.m.m.WhereIsMyHomeFinalApplication      : Started WhereIsMyHomeFinalApplication in 1.693 seconds (JVM running for 2.311)
2022-11-23 01:52:34.752  INFO 11676 --- [http-nio-8080-exec-1] o.a.c.c.C.[Tomcat].[localhost].[/]       : Initializing Spring DispatcherServlet 'dispatcherServlet'
2022-11-23 01:52:34.753  INFO 11676 --- [http-nio-8080-exec-1] o.s.web.servlet.DispatcherServlet        : Initializing Servlet 'dispatcherServlet'
2022-11-23 01:52:34.754  INFO 11676 --- [http-nio-8080-exec-1] o.s.web.servlet.DispatcherServlet        : Completed initialization in 1 ms
2022-11-23 01:52:34.800  INFO 11676 --- [http-nio-8080-exec-1] com.zaxxer.hikari.HikariDataSource       : HikariPool-1 - Starting...
2022-11-23 01:52:35.027  INFO 11676 --- [http-nio-8080-exec-1] com.zaxxer.hikari.HikariDataSource       : HikariPool-1 - Start completed.
2022-11-23 01:53:51.122 DEBUG 11676 --- [http-nio-8080-exec-5] com.mycom.myhome.board.BoardDao.list     : ==>  Preparing: SELECT board_id, user_seq, writer, title, content, reg_dt, read_count, board_clsf FROM board WHERE board_clsf = ? ORDER BY board_id DESC LIMIT ? OFFSET ?
2022-11-23 01:53:51.127 DEBUG 11676 --- [http-nio-8080-exec-5] com.mycom.myhome.board.BoardDao.list     : ==> Parameters: 001(String), 5(Integer), 0(Integer)
2022-11-23 01:53:51.143 DEBUG 11676 --- [http-nio-8080-exec-5] com.mycom.myhome.board.BoardDao.list     : <==      Total: 5
2022-11-23 02:18:28.069 DEBUG 11676 --- [http-nio-8080-exec-10] com.mycom.myhome.board.BoardDao.list     : ==>  Preparing: SELECT board_id, user_seq, writer, title, content, reg_dt, read_count, board_clsf FROM board WHERE board_clsf = ? ORDER BY board_id DESC LIMIT ? OFFSET ?
2022-11-23 02:18:28.069 DEBUG 11676 --- [http-nio-8080-exec-10] com.mycom.myhome.board.BoardDao.list     : ==> Parameters: 001(String), 5(Integer), 0(Integer)
2022-11-23 02:18:28.071 DEBUG 11676 --- [http-nio-8080-exec-10] com.mycom.myhome.board.BoardDao.list     : <==      Total: 5
2022-11-23 02:25:49.642 DEBUG 11676 --- [http-nio-8080-exec-7] com.mycom.myhome.board.BoardDao.list     : ==>  Preparing: SELECT board_id, user_seq, writer, title, content, reg_dt, read_count, board_clsf FROM board WHERE board_clsf = ? ORDER BY board_id DESC LIMIT ? OFFSET ?
2022-11-23 02:25:49.642 DEBUG 11676 --- [http-nio-8080-exec-7] com.mycom.myhome.board.BoardDao.list     : ==> Parameters: 001(String), 5(Integer), 0(Integer)
2022-11-23 02:25:49.644 DEBUG 11676 --- [http-nio-8080-exec-7] com.mycom.myhome.board.BoardDao.list     : <==      Total: 5
2022-11-23 02:39:13.092 DEBUG 11676 --- [http-nio-8080-exec-6] com.mycom.myhome.board.BoardDao.list     : ==>  Preparing: SELECT board_id, user_seq, writer, title, content, reg_dt, read_count, board_clsf FROM board WHERE board_clsf = ? ORDER BY board_id DESC LIMIT ? OFFSET ?
2022-11-23 02:39:13.093 DEBUG 11676 --- [http-nio-8080-exec-6] com.mycom.myhome.board.BoardDao.list     : ==> Parameters: 001(String), 5(Integer), 0(Integer)
2022-11-23 02:39:13.096 DEBUG 11676 --- [http-nio-8080-exec-6] com.mycom.myhome.board.BoardDao.list     : <==      Total: 5
2022-11-23 02:41:24.050 DEBUG 11676 --- [http-nio-8080-exec-5] com.mycom.myhome.board.BoardDao.list     : ==>  Preparing: SELECT board_id, user_seq, writer, title, content, reg_dt, read_count, board_clsf FROM board WHERE board_clsf = ? ORDER BY board_id DESC LIMIT ? OFFSET ?
2022-11-23 02:41:24.051 DEBUG 11676 --- [http-nio-8080-exec-5] com.mycom.myhome.board.BoardDao.list     : ==> Parameters: 001(String), 5(Integer), 0(Integer)
2022-11-23 02:41:24.052 DEBUG 11676 --- [http-nio-8080-exec-5] com.mycom.myhome.board.BoardDao.list     : <==      Total: 5
2022-11-23 03:01:37.912 DEBUG 11676 --- [http-nio-8080-exec-5] com.mycom.myhome.board.BoardDao.list     : ==>  Preparing: SELECT board_id, user_seq, writer, title, content, reg_dt, read_count, board_clsf FROM board WHERE board_clsf = ? ORDER BY board_id DESC LIMIT ? OFFSET ?
2022-11-23 03:01:37.913 DEBUG 11676 --- [http-nio-8080-exec-5] com.mycom.myhome.board.BoardDao.list     : ==> Parameters: 001(String), 5(Integer), 0(Integer)
2022-11-23 03:01:37.914 DEBUG 11676 --- [http-nio-8080-exec-5] com.mycom.myhome.board.BoardDao.list     : <==      Total: 5
2022-11-23 03:01:43.902 DEBUG 11676 --- [http-nio-8080-exec-8] com.mycom.myhome.board.BoardDao.list     : ==>  Preparing: SELECT board_id, user_seq, writer, title, content, reg_dt, read_count, board_clsf FROM board WHERE board_clsf = ? ORDER BY board_id DESC LIMIT ? OFFSET ?
2022-11-23 03:01:43.902 DEBUG 11676 --- [http-nio-8080-exec-8] com.mycom.myhome.board.BoardDao.list     : ==> Parameters: 001(String), 5(Integer), 0(Integer)
2022-11-23 03:01:43.903 DEBUG 11676 --- [http-nio-8080-exec-8] com.mycom.myhome.board.BoardDao.list     : <==      Total: 5
